<?xml version="1.0" encoding="UTF-8"?>
<!-- Generated by org.testng.reporters.JUnitReportReporter -->
<testsuite hostname="eps46-Epixel" failures="0" tests="6" name="runner.Runner" time="30.576" errors="0" timestamp="2024-10-22T12:19:35 IST" skipped="5">
  <testcase classname="runner.Runner" name="IBO_registration" time="30.576"/>
  <system-out/>
  <testcase classname="runner.Runner" name="registrationpractice">
    <skipped/>
  </testcase> <!-- registrationpractice -->
  <system-out/>
  <testcase classname="runner.Runner" name="businessplan">
    <skipped/>
  </testcase> <!-- businessplan -->
  <system-out/>
  <testcase classname="runner.Runner" name="login_user">
    <skipped/>
  </testcase> <!-- login_user -->
  <system-out/>
  <testcase classname="runner.Runner" name="Customer_Registration">
    <skipped/>
  </testcase> <!-- Customer_Registration -->
  <system-out/>
  <testcase classname="runner.Runner" name="customerregexcel">
    <skipped/>
  </testcase> <!-- customerregexcel -->
  <system-out/>
</testsuite> <!-- runner.Runner -->
