<?xml version="1.0" encoding="UTF-8"?>
<!-- Generated by org.testng.reporters.JUnitReportReporter -->
<testsuite hostname="eps46-Epixel" failures="0" tests="1" name="runner.Runner" time="38.410" errors="0" timestamp="2024-11-20T15:46:11 IST" skipped="0">
  <testcase classname="runner.Runner" name="ibo_registration" time="38.410"/>
  <system-out/>
</testsuite> <!-- runner.Runner -->
