<?xml version="1.0" encoding="UTF-8"?>
<!-- Generated by org.testng.reporters.JUnitReportReporter -->
<testsuite hostname="eps46-Epixel" failures="0" tests="4" name="runner.Runner" time="15.676" errors="0" timestamp="2024-10-11T16:36:33 IST" skipped="3">
  <testcase classname="runner.Runner" name="IBO_registration" time="15.676"/>
  <system-out/>
  <testcase classname="runner.Runner" name="businessplan">
    <skipped/>
  </testcase> <!-- businessplan -->
  <system-out/>
  <testcase classname="runner.Runner" name="login_user">
    <skipped/>
  </testcase> <!-- login_user -->
  <system-out/>
  <testcase classname="runner.Runner" name="Customer_Registration">
    <skipped/>
  </testcase> <!-- Customer_Registration -->
  <system-out/>
</testsuite> <!-- runner.Runner -->
